Using pre-set license
Built from '2021.3/staging' branch; Version is '2021.3.19f1 (c9714fde33b6) revision 13201743'; Using compiler version '192829333'; Build Type 'Release'
OS: 'Windows 11  (10.0.22621) 64bit Professional' Language: 'ko' Physical Memory: 16243 MB
BatchMode: 1, IsHumanControllingUs: 0, StartBugReporterOnCrash: 0, Is64bit: 1, IsPro: 1

COMMAND LINE ARGUMENTS:
C:\Program Files\Unity\Hub\Editor\2021.3.19f1\Editor\Unity.exe
-adb2
-batchMode
-noUpm
-name
AssetImportWorker3
-projectPath
C:/Users/AnHeejun/PjtSado
-logFile
Logs/AssetImportWorker3.log
-srvPort
56329
Successfully changed project path to: C:/Users/AnHeejun/PjtSado
C:/Users/AnHeejun/PjtSado
[UnityMemory] Configuration Parameters - Can be set up in boot.config
    "memorysetup-bucket-allocator-granularity=16"
    "memorysetup-bucket-allocator-bucket-count=8"
    "memorysetup-bucket-allocator-block-size=33554432"
    "memorysetup-bucket-allocator-block-count=8"
    "memorysetup-main-allocator-block-size=16777216"
    "memorysetup-thread-allocator-block-size=16777216"
    "memorysetup-gfx-main-allocator-block-size=16777216"
    "memorysetup-gfx-thread-allocator-block-size=16777216"
    "memorysetup-cache-allocator-block-size=4194304"
    "memorysetup-typetree-allocator-block-size=2097152"
    "memorysetup-profiler-bucket-allocator-granularity=16"
    "memorysetup-profiler-bucket-allocator-bucket-count=8"
    "memorysetup-profiler-bucket-allocator-block-size=33554432"
    "memorysetup-profiler-bucket-allocator-block-count=8"
    "memorysetup-profiler-allocator-block-size=16777216"
    "memorysetup-profiler-editor-allocator-block-size=1048576"
    "memorysetup-temp-allocator-size-main=16777216"
    "memorysetup-job-temp-allocator-block-size=2097152"
    "memorysetup-job-temp-allocator-block-size-background=1048576"
    "memorysetup-job-temp-allocator-reduction-small-platforms=262144"
    "memorysetup-temp-allocator-size-background-worker=32768"
    "memorysetup-temp-allocator-size-job-worker=262144"
    "memorysetup-temp-allocator-size-preload-manager=33554432"
    "memorysetup-temp-allocator-size-nav-mesh-worker=65536"
    "memorysetup-temp-allocator-size-audio-worker=65536"
    "memorysetup-temp-allocator-size-cloud-worker=32768"
    "memorysetup-temp-allocator-size-gi-baking-worker=262144"
    "memorysetup-temp-allocator-size-gfx=262144"
Player connection [15180] Host "[IP] 192.168.50.170 [Port] 0 [Flags] 2 [Guid] 1734899872 [EditorId] 1734899872 [Version] 1048832 [Id] WindowsEditor(7,HEEJUNPC) [Debug] 1 [PackageName] WindowsEditor [ProjectName] Editor" joined multi-casting on [225.0.0.222:54997]...

Player connection [15180] Host "[IP] 192.168.50.170 [Port] 0 [Flags] 2 [Guid] 1734899872 [EditorId] 1734899872 [Version] 1048832 [Id] WindowsEditor(7,HEEJUNPC) [Debug] 1 [PackageName] WindowsEditor [ProjectName] Editor" joined alternative multi-casting on [225.0.0.222:34997]...

Refreshing native plugins compatible for Editor in 140.46 ms, found 4 plugins.
Preloading 0 native plugins for Editor in 0.00 ms.
Initialize engine version: 2021.3.19f1 (c9714fde33b6)
[Subsystems] Discovering subsystems at path C:/Program Files/Unity/Hub/Editor/2021.3.19f1/Editor/Data/Resources/UnitySubsystems
[Subsystems] Discovering subsystems at path C:/Users/AnHeejun/PjtSado/Assets
GfxDevice: creating device client; threaded=0; jobified=0
Direct3D:
    Version:  Direct3D 11.0 [level 11.1]
    Renderer: NVIDIA GeForce RTX 3060 Ti (ID=0x2489)
    Vendor:   NVIDIA
    VRAM:     8038 MB
    Driver:   31.0.15.3713
Initialize mono
Mono path[0] = 'C:/Program Files/Unity/Hub/Editor/2021.3.19f1/Editor/Data/Managed'
Mono path[1] = 'C:/Program Files/Unity/Hub/Editor/2021.3.19f1/Editor/Data/MonoBleedingEdge/lib/mono/unityjit-win32'
Mono config path = 'C:/Program Files/Unity/Hub/Editor/2021.3.19f1/Editor/Data/MonoBleedingEdge/etc'
Using monoOptions --debugger-agent=transport=dt_socket,embedding=1,server=y,suspend=n,address=127.0.0.1:56368
Begin MonoManager ReloadAssembly
Registering precompiled unity dll's ...
Register platform support module: C:/Program Files/Unity/Hub/Editor/2021.3.19f1/Editor/Data/PlaybackEngines/WindowsStandaloneSupport/UnityEditor.WindowsStandalone.Extensions.dll
Registered in 0.006881 seconds.
Native extension for WindowsStandalone target not found
Refreshing native plugins compatible for Editor in 95.86 ms, found 4 plugins.
Preloading 0 native plugins for Editor in 0.00 ms.
Mono: successfully reloaded assembly
- Completed reload, in  0.548 seconds
Domain Reload Profiling:
	ReloadAssembly (548ms)
		BeginReloadAssembly (91ms)
			ExecutionOrderSort (0ms)
			DisableScriptedObjects (0ms)
			BackupInstance (0ms)
			ReleaseScriptingObjects (0ms)
			CreateAndSetChildDomain (1ms)
		EndReloadAssembly (358ms)
			LoadAssemblies (84ms)
			RebuildTransferFunctionScriptingTraits (0ms)
			SetupTypeCache (72ms)
			ReleaseScriptCaches (0ms)
			RebuildScriptCaches (18ms)
			SetupLoadedEditorAssemblies (219ms)
				LogAssemblyErrors (0ms)
				InitializePlatformSupportModulesInManaged (6ms)
				SetLoadedEditorAssemblies (0ms)
				RefreshPlugins (96ms)
				BeforeProcessingInitializeOnLoad (1ms)
				ProcessInitializeOnLoadAttributes (77ms)
				ProcessInitializeOnLoadMethodAttributes (39ms)
				AfterProcessingInitializeOnLoad (0ms)
				EditorAssembliesLoaded (0ms)
			ExecutionOrderSort2 (0ms)
			AwakeInstancesAfterBackupRestoration (0ms)
Platform modules already initialized, skipping
Registering precompiled user dll's ...
Registered in 0.019017 seconds.
Begin MonoManager ReloadAssembly
Symbol file LoadedFromMemory doesn't match image C:\Users\AnHeejun\PjtSado\Library\PackageCache\com.unity.visualscripting@1.8.0\Editor\VisualScripting.Core\Dependencies\DotNetZip\Unity.VisualScripting.IonicZip.dll
Symbol file LoadedFromMemory doesn't match image C:\Users\AnHeejun\PjtSado\Library\PackageCache\com.unity.visualscripting@1.8.0\Editor\VisualScripting.Core\Dependencies\YamlDotNet\Unity.VisualScripting.YamlDotNet.dll
Native extension for WindowsStandalone target not found
Refreshing native plugins compatible for Editor in 93.35 ms, found 4 plugins.
Preloading 0 native plugins for Editor in 0.00 ms.
Mono: successfully reloaded assembly
- Completed reload, in  1.284 seconds
Domain Reload Profiling:
	ReloadAssembly (1285ms)
		BeginReloadAssembly (119ms)
			ExecutionOrderSort (0ms)
			DisableScriptedObjects (4ms)
			BackupInstance (0ms)
			ReleaseScriptingObjects (0ms)
			CreateAndSetChildDomain (15ms)
		EndReloadAssembly (1051ms)
			LoadAssemblies (147ms)
			RebuildTransferFunctionScriptingTraits (0ms)
			SetupTypeCache (223ms)
			ReleaseScriptCaches (1ms)
			RebuildScriptCaches (54ms)
			SetupLoadedEditorAssemblies (568ms)
				LogAssemblyErrors (0ms)
				InitializePlatformSupportModulesInManaged (4ms)
				SetLoadedEditorAssemblies (0ms)
				RefreshPlugins (93ms)
				BeforeProcessingInitializeOnLoad (109ms)
				ProcessInitializeOnLoadAttributes (229ms)
				ProcessInitializeOnLoadMethodAttributes (121ms)
				AfterProcessingInitializeOnLoad (13ms)
				EditorAssembliesLoaded (0ms)
			ExecutionOrderSort2 (0ms)
			AwakeInstancesAfterBackupRestoration (14ms)
Platform modules already initialized, skipping
========================================================================
Worker process is ready to serve import requests
Switching render pipeline 681886c5eb7344803b6206f758bf0b1c -> 00000000000000000000000000000000
Launched and connected shader compiler UnityShaderCompiler.exe after 0.12 seconds
Refreshing native plugins compatible for Editor in 1.60 ms, found 4 plugins.
Preloading 0 native plugins for Editor in 0.00 ms.
Unloading 6615 Unused Serialized files (Serialized files now loaded: 0)
Unloading 147 unused Assets / (0.8 MB). Loaded Objects now: 6981.
Memory consumption went from 249.0 MB to 248.2 MB.
Total: 10.791100 ms (FindLiveObjects: 1.662300 ms CreateObjectMapping: 0.446200 ms MarkObjects: 7.469100 ms  DeleteObjects: 1.210100 ms)

AssetImportParameters requested are different than current active one (requested -> active):
  custom:video-decoder-ogg-theora: a1e56fd34408186e4bbccfd4996cb3dc -> 
  custom:container-muxer-webm: aa71ff27fc2769a1b78a27578f13a17b -> 
  custom:container-demuxer-webm: 4f35f7cbe854078d1ac9338744f61a02 -> 
  custom:video-encoder-webm-vp8: eb34c28f22e8b96e1ab97ce403110664 -> 
  custom:audio-encoder-webm-vorbis: bf7c407c2cedff20999df2af8eb42d56 -> 
  custom:framework-win-MediaFoundation: 216162199b28c13a410421893ffa2e32 -> 
  custom:container-demuxer-ogg: 62fdf1f143b41e24485cea50d1cbac27 -> 
  custom:video-decoder-webm-vp8: 9c59270c3fd7afecdb556c50c9e8de78 -> 
  custom:audio-decoder-ogg-vorbis: bf7c407c2cedff20999df2af8eb42d56 -> 
========================================================================
Received Import Request.
  Time since last request: 12370.807038 seconds.
  path: Assets/Resources/Map/계단 맵.png
  artifactKey: Guid(64318f9e5875e184a81d25d2cad56981) Importer(815301076,1909f56bfc062723c751e8b465ee728b)
Start importing Assets/Resources/Map/계단 맵.png using Guid(64318f9e5875e184a81d25d2cad56981) Importer(815301076,1909f56bfc062723c751e8b465ee728b)  -> (artifact id: '1c99a290c40a73403774ac49c54bff6f') in 1.181731 seconds 
========================================================================
Received Import Request.
  Time since last request: 5.645625 seconds.
  path: Assets/Resources/Map/Map__Common_Cloud5.png
  artifactKey: Guid(21e298fdb9633d24c84b7c3128c12918) Importer(815301076,1909f56bfc062723c751e8b465ee728b)
Start importing Assets/Resources/Map/Map__Common_Cloud5.png using Guid(21e298fdb9633d24c84b7c3128c12918) Importer(815301076,1909f56bfc062723c751e8b465ee728b)  -> (artifact id: '633d331ca400caf5e9b8cef41c8bfa7d') in 0.120321 seconds 
========================================================================
Received Import Request.
  Time since last request: 0.000023 seconds.
  path: Assets/Resources/Map/Map_EStairway_Fnt_Bush1.png
  artifactKey: Guid(0390873e2e008564d8cd961f87020332) Importer(815301076,1909f56bfc062723c751e8b465ee728b)
Start importing Assets/Resources/Map/Map_EStairway_Fnt_Bush1.png using Guid(0390873e2e008564d8cd961f87020332) Importer(815301076,1909f56bfc062723c751e8b465ee728b)  -> (artifact id: '394417e6f16d55e6b2c14ce0671cac99') in 0.063029 seconds 
========================================================================
Received Import Request.
  Time since last request: 0.000050 seconds.
  path: Assets/Resources/Map/Map_EStairway_Fnt_Tree2.png
  artifactKey: Guid(6555d0befb430d049a9df532dc001382) Importer(815301076,1909f56bfc062723c751e8b465ee728b)
Start importing Assets/Resources/Map/Map_EStairway_Fnt_Tree2.png using Guid(6555d0befb430d049a9df532dc001382) Importer(815301076,1909f56bfc062723c751e8b465ee728b)  -> (artifact id: '03054567a8c1eeaea580495dc90979d1') in 0.028348 seconds 
========================================================================
Received Import Request.
  Time since last request: 0.000020 seconds.
  path: Assets/Resources/Map/Map_EStairway_Bck_Totem.png
  artifactKey: Guid(491d065e168b12a42884b0e92aad8b04) Importer(815301076,1909f56bfc062723c751e8b465ee728b)
Start importing Assets/Resources/Map/Map_EStairway_Bck_Totem.png using Guid(491d065e168b12a42884b0e92aad8b04) Importer(815301076,1909f56bfc062723c751e8b465ee728b)  -> (artifact id: '5c53c25767c922e7b5244c3796d981ae') in 0.058443 seconds 
========================================================================
Received Import Request.
  Time since last request: 0.000041 seconds.
  path: Assets/Resources/Map/Map_EStairway_Fnt_Bush3.png
  artifactKey: Guid(636bb3924fc02f64f98893442bdb965e) Importer(815301076,1909f56bfc062723c751e8b465ee728b)
Start importing Assets/Resources/Map/Map_EStairway_Fnt_Bush3.png using Guid(636bb3924fc02f64f98893442bdb965e) Importer(815301076,1909f56bfc062723c751e8b465ee728b)  -> (artifact id: 'c596b9f559167fb8074cc8d805a59af5') in 0.015677 seconds 
========================================================================
Received Import Request.
  Time since last request: 0.000031 seconds.
  path: Assets/Resources/Map/Map_EStairway_Fnt_Tree3.png
  artifactKey: Guid(41859b32a12156640a3d7fd31e6aec1f) Importer(815301076,1909f56bfc062723c751e8b465ee728b)
Start importing Assets/Resources/Map/Map_EStairway_Fnt_Tree3.png using Guid(41859b32a12156640a3d7fd31e6aec1f) Importer(815301076,1909f56bfc062723c751e8b465ee728b)  -> (artifact id: '6a2733af7aa73645f663b3f10c8d062f') in 0.048886 seconds 
========================================================================
Received Import Request.
  Time since last request: 0.000047 seconds.
  path: Assets/Resources/Map/Map_EStairway_Bck_Wisp.png
  artifactKey: Guid(e4c1882a270759b428251035a5da93d2) Importer(815301076,1909f56bfc062723c751e8b465ee728b)
Start importing Assets/Resources/Map/Map_EStairway_Bck_Wisp.png using Guid(e4c1882a270759b428251035a5da93d2) Importer(815301076,1909f56bfc062723c751e8b465ee728b)  -> (artifact id: 'a45a763770029679a07f18b7dddb233a') in 0.013685 seconds 
========================================================================
Received Import Request.
  Time since last request: 0.000048 seconds.
  path: Assets/Resources/Map/Map_EStairway_Fnt_Twig4.png
  artifactKey: Guid(3bf7df3d73fb0f64b810b40fd6abd2b6) Importer(815301076,1909f56bfc062723c751e8b465ee728b)
Start importing Assets/Resources/Map/Map_EStairway_Fnt_Twig4.png using Guid(3bf7df3d73fb0f64b810b40fd6abd2b6) Importer(815301076,1909f56bfc062723c751e8b465ee728b)  -> (artifact id: 'ca70b0de98bf7b7f0ddf33b22e4abeaa') in 0.018915 seconds 
========================================================================
Received Import Request.
  Time since last request: 0.000042 seconds.
  path: Assets/Resources/Map/Map__Common_Cloud6.png
  artifactKey: Guid(debf30385e64d604799b23850bbb9055) Importer(815301076,1909f56bfc062723c751e8b465ee728b)
Start importing Assets/Resources/Map/Map__Common_Cloud6.png using Guid(debf30385e64d604799b23850bbb9055) Importer(815301076,1909f56bfc062723c751e8b465ee728b)  -> (artifact id: 'fa1e7d3878fbd4c0636aac454454d658') in 0.018525 seconds 
========================================================================
Received Import Request.
  Time since last request: 53.083395 seconds.
  path: Assets/Resources/Map/Map__Common_Cloud4.png
  artifactKey: Guid(b5d4b529053a4cd4096342c4a2053d45) Importer(815301076,1909f56bfc062723c751e8b465ee728b)
Start importing Assets/Resources/Map/Map__Common_Cloud4.png using Guid(b5d4b529053a4cd4096342c4a2053d45) Importer(815301076,1909f56bfc062723c751e8b465ee728b)  -> (artifact id: 'c851d7d2dd5c66fd2954042e5d56e29b') in 0.016437 seconds 
========================================================================
Received Import Request.
  Time since last request: 0.000032 seconds.
  path: Assets/Resources/Map/Map_EStairway_Fnt_Twig23.png
  artifactKey: Guid(dfb84a21bb883d34388474ebd4273962) Importer(815301076,1909f56bfc062723c751e8b465ee728b)
Start importing Assets/Resources/Map/Map_EStairway_Fnt_Twig23.png using Guid(dfb84a21bb883d34388474ebd4273962) Importer(815301076,1909f56bfc062723c751e8b465ee728b)  -> (artifact id: '2de34e292c3d89bff477ca6ff7afb86b') in 0.015848 seconds 
========================================================================
Received Import Request.
  Time since last request: 0.000058 seconds.
  path: Assets/Resources/Map/Map_EStairway_Ptf3.png
  artifactKey: Guid(493e8422cfc6ae447aef216a528ea121) Importer(815301076,1909f56bfc062723c751e8b465ee728b)
Start importing Assets/Resources/Map/Map_EStairway_Ptf3.png using Guid(493e8422cfc6ae447aef216a528ea121) Importer(815301076,1909f56bfc062723c751e8b465ee728b)  -> (artifact id: '25e0ef4ce0dd4c87d6e5405c11026f34') in 0.045615 seconds 
========================================================================
Received Import Request.
  Time since last request: 0.000043 seconds.
  path: Assets/Resources/Map/Map_EStairway_Cng.png
  artifactKey: Guid(e1ffedce10a970f4680fdd7190729fb9) Importer(815301076,1909f56bfc062723c751e8b465ee728b)
Start importing Assets/Resources/Map/Map_EStairway_Cng.png using Guid(e1ffedce10a970f4680fdd7190729fb9) Importer(815301076,1909f56bfc062723c751e8b465ee728b)  -> (artifact id: '325ab26544c7d501959b6fa54c98eb8e') in 0.896988 seconds 
========================================================================
Received Import Request.
  Time since last request: 0.000055 seconds.
  path: Assets/Resources/Map/Map_EStairway_Bck_Tree.png
  artifactKey: Guid(9ac953a62b66293449ff2be4e4a270e3) Importer(815301076,1909f56bfc062723c751e8b465ee728b)
Start importing Assets/Resources/Map/Map_EStairway_Bck_Tree.png using Guid(9ac953a62b66293449ff2be4e4a270e3) Importer(815301076,1909f56bfc062723c751e8b465ee728b)  -> (artifact id: '4854ee01b6661807ebb6b75b87fbbb4b') in 0.134177 seconds 
========================================================================
Received Import Request.
  Time since last request: 0.000060 seconds.
  path: Assets/Resources/Map/Map_EStairway_Bck_Wisp.png
  artifactKey: Guid(e4c1882a270759b428251035a5da93d2) Importer(815301076,1909f56bfc062723c751e8b465ee728b)
Start importing Assets/Resources/Map/Map_EStairway_Bck_Wisp.png using Guid(e4c1882a270759b428251035a5da93d2) Importer(815301076,1909f56bfc062723c751e8b465ee728b)  -> (artifact id: 'bc82a1582fdc771301ca215056921ced') in 0.021710 seconds 
========================================================================
Received Import Request.
  Time since last request: 0.000039 seconds.
  path: Assets/Resources/Map/Map_EStairway_Item_HGateBck.png
  artifactKey: Guid(437af91a4072028499647ae613ad3e6f) Importer(815301076,1909f56bfc062723c751e8b465ee728b)
Start importing Assets/Resources/Map/Map_EStairway_Item_HGateBck.png using Guid(437af91a4072028499647ae613ad3e6f) Importer(815301076,1909f56bfc062723c751e8b465ee728b)  -> (artifact id: '84597e6e650d4b70e42a7efb2ada8ef7') in 0.029422 seconds 
========================================================================
Received Import Request.
  Time since last request: 0.000036 seconds.
  path: Assets/Resources/Map/Map_EStairway_Item_HaetaeFnt.png
  artifactKey: Guid(a371662ad84b5da4e947b1ba9689df5c) Importer(815301076,1909f56bfc062723c751e8b465ee728b)
Start importing Assets/Resources/Map/Map_EStairway_Item_HaetaeFnt.png using Guid(a371662ad84b5da4e947b1ba9689df5c) Importer(815301076,1909f56bfc062723c751e8b465ee728b)  -> (artifact id: 'faa4f9cb3b7c50d64e56c87f65f0baff') in 0.015065 seconds 
========================================================================
Received Import Request.
  Time since last request: 0.000052 seconds.
  path: Assets/Resources/Map/Map_EStairway_Ptf1.png
  artifactKey: Guid(9ee154b0274ad18419508bab13090c98) Importer(815301076,1909f56bfc062723c751e8b465ee728b)
Start importing Assets/Resources/Map/Map_EStairway_Ptf1.png using Guid(9ee154b0274ad18419508bab13090c98) Importer(815301076,1909f56bfc062723c751e8b465ee728b)  -> (artifact id: '0d1092e43cf5e56140e09988a0889632') in 0.033261 seconds 
Editor requested this worker to shutdown with reason: Scaling down because of idle timeout
AssetImportWorker is now disconnected from the server
Process exiting
Exiting without the bug reporter. Application will terminate with return code 0