Using pre-set license
Built from '2021.3/staging' branch; Version is '2021.3.19f1 (c9714fde33b6) revision 13201743'; Using compiler version '192829333'; Build Type 'Release'
OS: 'Windows 11  (10.0.22621) 64bit Professional' Language: 'ko' Physical Memory: 16243 MB
BatchMode: 1, IsHumanControllingUs: 0, StartBugReporterOnCrash: 0, Is64bit: 1, IsPro: 1

COMMAND LINE ARGUMENTS:
C:\Program Files\Unity\Hub\Editor\2021.3.19f1\Editor\Unity.exe
-adb2
-batchMode
-noUpm
-name
AssetImportWorker1
-projectPath
C:/Users/AnHeejun/PjtSado
-logFile
Logs/AssetImportWorker1.log
-srvPort
56588
Successfully changed project path to: C:/Users/AnHeejun/PjtSado
C:/Users/AnHeejun/PjtSado
[UnityMemory] Configuration Parameters - Can be set up in boot.config
    "memorysetup-bucket-allocator-granularity=16"
    "memorysetup-bucket-allocator-bucket-count=8"
    "memorysetup-bucket-allocator-block-size=33554432"
    "memorysetup-bucket-allocator-block-count=8"
    "memorysetup-main-allocator-block-size=16777216"
    "memorysetup-thread-allocator-block-size=16777216"
    "memorysetup-gfx-main-allocator-block-size=16777216"
    "memorysetup-gfx-thread-allocator-block-size=16777216"
    "memorysetup-cache-allocator-block-size=4194304"
    "memorysetup-typetree-allocator-block-size=2097152"
    "memorysetup-profiler-bucket-allocator-granularity=16"
    "memorysetup-profiler-bucket-allocator-bucket-count=8"
    "memorysetup-profiler-bucket-allocator-block-size=33554432"
    "memorysetup-profiler-bucket-allocator-block-count=8"
    "memorysetup-profiler-allocator-block-size=16777216"
    "memorysetup-profiler-editor-allocator-block-size=1048576"
    "memorysetup-temp-allocator-size-main=16777216"
    "memorysetup-job-temp-allocator-block-size=2097152"
    "memorysetup-job-temp-allocator-block-size-background=1048576"
    "memorysetup-job-temp-allocator-reduction-small-platforms=262144"
    "memorysetup-temp-allocator-size-background-worker=32768"
    "memorysetup-temp-allocator-size-job-worker=262144"
    "memorysetup-temp-allocator-size-preload-manager=33554432"
    "memorysetup-temp-allocator-size-nav-mesh-worker=65536"
    "memorysetup-temp-allocator-size-audio-worker=65536"
    "memorysetup-temp-allocator-size-cloud-worker=32768"
    "memorysetup-temp-allocator-size-gi-baking-worker=262144"
    "memorysetup-temp-allocator-size-gfx=262144"
Player connection [58460] Host "[IP] 192.168.50.170 [Port] 0 [Flags] 2 [Guid] 3459064354 [EditorId] 3459064354 [Version] 1048832 [Id] WindowsEditor(7,HEEJUNPC) [Debug] 1 [PackageName] WindowsEditor [ProjectName] Editor" joined multi-casting on [225.0.0.222:54997]...

Player connection [58460] Host "[IP] 192.168.50.170 [Port] 0 [Flags] 2 [Guid] 3459064354 [EditorId] 3459064354 [Version] 1048832 [Id] WindowsEditor(7,HEEJUNPC) [Debug] 1 [PackageName] WindowsEditor [ProjectName] Editor" joined alternative multi-casting on [225.0.0.222:34997]...

Refreshing native plugins compatible for Editor in 103.90 ms, found 4 plugins.
Preloading 0 native plugins for Editor in 0.00 ms.
Initialize engine version: 2021.3.19f1 (c9714fde33b6)
[Subsystems] Discovering subsystems at path C:/Program Files/Unity/Hub/Editor/2021.3.19f1/Editor/Data/Resources/UnitySubsystems
[Subsystems] Discovering subsystems at path C:/Users/AnHeejun/PjtSado/Assets
GfxDevice: creating device client; threaded=0; jobified=0
Direct3D:
    Version:  Direct3D 11.0 [level 11.1]
    Renderer: NVIDIA GeForce RTX 3060 Ti (ID=0x2489)
    Vendor:   NVIDIA
    VRAM:     8038 MB
    Driver:   31.0.15.3713
Initialize mono
Mono path[0] = 'C:/Program Files/Unity/Hub/Editor/2021.3.19f1/Editor/Data/Managed'
Mono path[1] = 'C:/Program Files/Unity/Hub/Editor/2021.3.19f1/Editor/Data/MonoBleedingEdge/lib/mono/unityjit-win32'
Mono config path = 'C:/Program Files/Unity/Hub/Editor/2021.3.19f1/Editor/Data/MonoBleedingEdge/etc'
Using monoOptions --debugger-agent=transport=dt_socket,embedding=1,server=y,suspend=n,address=127.0.0.1:56052
Begin MonoManager ReloadAssembly
Registering precompiled unity dll's ...
Register platform support module: C:/Program Files/Unity/Hub/Editor/2021.3.19f1/Editor/Data/PlaybackEngines/WindowsStandaloneSupport/UnityEditor.WindowsStandalone.Extensions.dll
Registered in 0.005250 seconds.
Native extension for WindowsStandalone target not found
Refreshing native plugins compatible for Editor in 92.79 ms, found 4 plugins.
Preloading 0 native plugins for Editor in 0.00 ms.
Mono: successfully reloaded assembly
- Completed reload, in  0.471 seconds
Domain Reload Profiling:
	ReloadAssembly (471ms)
		BeginReloadAssembly (62ms)
			ExecutionOrderSort (0ms)
			DisableScriptedObjects (0ms)
			BackupInstance (0ms)
			ReleaseScriptingObjects (0ms)
			CreateAndSetChildDomain (1ms)
		EndReloadAssembly (332ms)
			LoadAssemblies (60ms)
			RebuildTransferFunctionScriptingTraits (0ms)
			SetupTypeCache (66ms)
			ReleaseScriptCaches (0ms)
			RebuildScriptCaches (17ms)
			SetupLoadedEditorAssemblies (210ms)
				LogAssemblyErrors (0ms)
				InitializePlatformSupportModulesInManaged (5ms)
				SetLoadedEditorAssemblies (0ms)
				RefreshPlugins (93ms)
				BeforeProcessingInitializeOnLoad (1ms)
				ProcessInitializeOnLoadAttributes (77ms)
				ProcessInitializeOnLoadMethodAttributes (34ms)
				AfterProcessingInitializeOnLoad (0ms)
				EditorAssembliesLoaded (0ms)
			ExecutionOrderSort2 (0ms)
			AwakeInstancesAfterBackupRestoration (0ms)
Platform modules already initialized, skipping
Registering precompiled user dll's ...
Registered in 0.008499 seconds.
Begin MonoManager ReloadAssembly
Symbol file LoadedFromMemory doesn't match image C:\Users\AnHeejun\PjtSado\Library\PackageCache\com.unity.visualscripting@1.8.0\Editor\VisualScripting.Core\Dependencies\DotNetZip\Unity.VisualScripting.IonicZip.dll
Symbol file LoadedFromMemory doesn't match image C:\Users\AnHeejun\PjtSado\Library\PackageCache\com.unity.visualscripting@1.8.0\Editor\VisualScripting.Core\Dependencies\YamlDotNet\Unity.VisualScripting.YamlDotNet.dll
Native extension for WindowsStandalone target not found
Refreshing native plugins compatible for Editor in 96.30 ms, found 4 plugins.
Preloading 0 native plugins for Editor in 0.00 ms.
Mono: successfully reloaded assembly
- Completed reload, in  1.128 seconds
Domain Reload Profiling:
	ReloadAssembly (1128ms)
		BeginReloadAssembly (86ms)
			ExecutionOrderSort (0ms)
			DisableScriptedObjects (4ms)
			BackupInstance (0ms)
			ReleaseScriptingObjects (0ms)
			CreateAndSetChildDomain (13ms)
		EndReloadAssembly (958ms)
			LoadAssemblies (92ms)
			RebuildTransferFunctionScriptingTraits (0ms)
			SetupTypeCache (198ms)
			ReleaseScriptCaches (1ms)
			RebuildScriptCaches (50ms)
			SetupLoadedEditorAssemblies (546ms)
				LogAssemblyErrors (0ms)
				InitializePlatformSupportModulesInManaged (3ms)
				SetLoadedEditorAssemblies (0ms)
				RefreshPlugins (96ms)
				BeforeProcessingInitializeOnLoad (98ms)
				ProcessInitializeOnLoadAttributes (228ms)
				ProcessInitializeOnLoadMethodAttributes (113ms)
				AfterProcessingInitializeOnLoad (7ms)
				EditorAssembliesLoaded (0ms)
			ExecutionOrderSort2 (0ms)
			AwakeInstancesAfterBackupRestoration (8ms)
Platform modules already initialized, skipping
========================================================================
Worker process is ready to serve import requests
Launched and connected shader compiler UnityShaderCompiler.exe after 0.09 seconds
Refreshing native plugins compatible for Editor in 0.93 ms, found 4 plugins.
Preloading 0 native plugins for Editor in 0.00 ms.
Unloading 6565 Unused Serialized files (Serialized files now loaded: 0)
Unloading 96 unused Assets / (0.8 MB). Loaded Objects now: 6984.
Memory consumption went from 243.9 MB to 243.1 MB.
Total: 5.536100 ms (FindLiveObjects: 0.336600 ms CreateObjectMapping: 0.209400 ms MarkObjects: 4.743200 ms  DeleteObjects: 0.245900 ms)

AssetImportParameters requested are different than current active one (requested -> active):
  custom:video-decoder-ogg-theora: a1e56fd34408186e4bbccfd4996cb3dc -> 
  custom:container-muxer-webm: aa71ff27fc2769a1b78a27578f13a17b -> 
  custom:container-demuxer-webm: 4f35f7cbe854078d1ac9338744f61a02 -> 
  custom:video-encoder-webm-vp8: eb34c28f22e8b96e1ab97ce403110664 -> 
  custom:audio-encoder-webm-vorbis: bf7c407c2cedff20999df2af8eb42d56 -> 
  custom:framework-win-MediaFoundation: 216162199b28c13a410421893ffa2e32 -> 
  custom:container-demuxer-ogg: 62fdf1f143b41e24485cea50d1cbac27 -> 
  custom:video-decoder-webm-vp8: 9c59270c3fd7afecdb556c50c9e8de78 -> 
  custom:audio-decoder-ogg-vorbis: bf7c407c2cedff20999df2af8eb42d56 -> 
========================================================================
Received Import Request.
  Time since last request: 49721.865197 seconds.
  path: Assets/Resources/Character/Asset_Character_Imae_MIdle3 1.png
  artifactKey: Guid(860100da318b61f429135d9b5c814169) Importer(815301076,1909f56bfc062723c751e8b465ee728b)
Start importing Assets/Resources/Character/Asset_Character_Imae_MIdle3 1.png using Guid(860100da318b61f429135d9b5c814169) Importer(815301076,1909f56bfc062723c751e8b465ee728b)  -> (artifact id: '3b0b5e41d993adcd42699def6ea80b00') in 0.178662 seconds 
========================================================================
Received Import Request.
  Time since last request: 0.000023 seconds.
  path: Assets/Resources/Character/Asset_Character_Imae_MIdle2 1.png
  artifactKey: Guid(4e295a0a10f9dc74890f35f0f6af60cb) Importer(815301076,1909f56bfc062723c751e8b465ee728b)
Start importing Assets/Resources/Character/Asset_Character_Imae_MIdle2 1.png using Guid(4e295a0a10f9dc74890f35f0f6af60cb) Importer(815301076,1909f56bfc062723c751e8b465ee728b)  -> (artifact id: 'be8699467066375702a2afdecef4502b') in 0.009943 seconds 
========================================================================
Received Import Request.
  Time since last request: 19.329172 seconds.
  path: Assets/Resources/Character/Asset_Character_Imae_MIdle2 1.png
  artifactKey: Guid(4e295a0a10f9dc74890f35f0f6af60cb) Importer(815301076,1909f56bfc062723c751e8b465ee728b)
Start importing Assets/Resources/Character/Asset_Character_Imae_MIdle2 1.png using Guid(4e295a0a10f9dc74890f35f0f6af60cb) Importer(815301076,1909f56bfc062723c751e8b465ee728b)  -> (artifact id: '65eb780722584a40e323bca314d33669') in 0.032659 seconds 
========================================================================
Received Prepare
Registering precompiled user dll's ...
Registered in 0.010592 seconds.
Begin MonoManager ReloadAssembly
Symbol file LoadedFromMemory doesn't match image C:\Users\AnHeejun\PjtSado\Library\PackageCache\com.unity.visualscripting@1.8.0\Editor\VisualScripting.Core\Dependencies\DotNetZip\Unity.VisualScripting.IonicZip.dll
Symbol file LoadedFromMemory doesn't match image C:\Users\AnHeejun\PjtSado\Library\PackageCache\com.unity.visualscripting@1.8.0\Editor\VisualScripting.Core\Dependencies\YamlDotNet\Unity.VisualScripting.YamlDotNet.dll
Native extension for WindowsStandalone target not found
Refreshing native plugins compatible for Editor in 1.19 ms, found 4 plugins.
Preloading 0 native plugins for Editor in 0.00 ms.
Mono: successfully reloaded assembly
- Completed reload, in  1.112 seconds
Domain Reload Profiling:
	ReloadAssembly (1112ms)
		BeginReloadAssembly (140ms)
			ExecutionOrderSort (0ms)
			DisableScriptedObjects (4ms)
			BackupInstance (0ms)
			ReleaseScriptingObjects (0ms)
			CreateAndSetChildDomain (38ms)
		EndReloadAssembly (888ms)
			LoadAssemblies (112ms)
			RebuildTransferFunctionScriptingTraits (0ms)
			SetupTypeCache (223ms)
			ReleaseScriptCaches (2ms)
			RebuildScriptCaches (42ms)
			SetupLoadedEditorAssemblies (470ms)
				LogAssemblyErrors (0ms)
				InitializePlatformSupportModulesInManaged (11ms)
				SetLoadedEditorAssemblies (0ms)
				RefreshPlugins (1ms)
				BeforeProcessingInitializeOnLoad (84ms)
				ProcessInitializeOnLoadAttributes (237ms)
				ProcessInitializeOnLoadMethodAttributes (125ms)
				AfterProcessingInitializeOnLoad (10ms)
				EditorAssembliesLoaded (0ms)
			ExecutionOrderSort2 (0ms)
			AwakeInstancesAfterBackupRestoration (14ms)
Platform modules already initialized, skipping
Refreshing native plugins compatible for Editor in 6.48 ms, found 4 plugins.
Preloading 0 native plugins for Editor in 0.00 ms.
Unloading 6484 Unused Serialized files (Serialized files now loaded: 0)
Unloading 69 unused Assets / (0.8 MB). Loaded Objects now: 7006.
Memory consumption went from 240.0 MB to 239.2 MB.
Total: 6.041000 ms (FindLiveObjects: 0.439500 ms CreateObjectMapping: 0.230600 ms MarkObjects: 5.140100 ms  DeleteObjects: 0.229900 ms)

AssetImportParameters requested are different than current active one (requested -> active):
  custom:video-decoder-ogg-theora: a1e56fd34408186e4bbccfd4996cb3dc -> 
  custom:container-muxer-webm: aa71ff27fc2769a1b78a27578f13a17b -> 
  custom:container-demuxer-webm: 4f35f7cbe854078d1ac9338744f61a02 -> 
  custom:video-encoder-webm-vp8: eb34c28f22e8b96e1ab97ce403110664 -> 
  custom:audio-encoder-webm-vorbis: bf7c407c2cedff20999df2af8eb42d56 -> 
  custom:framework-win-MediaFoundation: 216162199b28c13a410421893ffa2e32 -> 
  custom:container-demuxer-ogg: 62fdf1f143b41e24485cea50d1cbac27 -> 
  custom:video-decoder-webm-vp8: 9c59270c3fd7afecdb556c50c9e8de78 -> 
  custom:audio-decoder-ogg-vorbis: bf7c407c2cedff20999df2af8eb42d56 -> 
========================================================================
Received Import Request.
  Time since last request: 90.585182 seconds.
  path: Assets/Resources/Character/Asset_Character_Imae_MWalk2.png
  artifactKey: Guid(e9fe1289f9d8a5f4a8762b7dc7924781) Importer(815301076,1909f56bfc062723c751e8b465ee728b)
Start importing Assets/Resources/Character/Asset_Character_Imae_MWalk2.png using Guid(e9fe1289f9d8a5f4a8762b7dc7924781) Importer(815301076,1909f56bfc062723c751e8b465ee728b)  -> (artifact id: 'e78b531cc62cf114aa5f89a4c4e31450') in 0.045975 seconds 
========================================================================
Received Import Request.
  Time since last request: 0.000023 seconds.
  path: Assets/Resources/Character/Asset_Character_Imae_MWalk4.png
  artifactKey: Guid(2b28c8ea59dce384c83be02323b612f2) Importer(815301076,1909f56bfc062723c751e8b465ee728b)
Start importing Assets/Resources/Character/Asset_Character_Imae_MWalk4.png using Guid(2b28c8ea59dce384c83be02323b612f2) Importer(815301076,1909f56bfc062723c751e8b465ee728b)  -> (artifact id: 'f2b36e2a4e373bab3b52f8bd087160c9') in 0.010009 seconds 
========================================================================
Received Prepare
Registering precompiled user dll's ...
Registered in 0.010747 seconds.
Begin MonoManager ReloadAssembly
Symbol file LoadedFromMemory doesn't match image C:\Users\AnHeejun\PjtSado\Library\PackageCache\com.unity.visualscripting@1.8.0\Editor\VisualScripting.Core\Dependencies\DotNetZip\Unity.VisualScripting.IonicZip.dll
Symbol file LoadedFromMemory doesn't match image C:\Users\AnHeejun\PjtSado\Library\PackageCache\com.unity.visualscripting@1.8.0\Editor\VisualScripting.Core\Dependencies\YamlDotNet\Unity.VisualScripting.YamlDotNet.dll
Native extension for WindowsStandalone target not found
Refreshing native plugins compatible for Editor in 1.07 ms, found 4 plugins.
Preloading 0 native plugins for Editor in 0.00 ms.
Mono: successfully reloaded assembly
- Completed reload, in  1.084 seconds
Domain Reload Profiling:
	ReloadAssembly (1085ms)
		BeginReloadAssembly (139ms)
			ExecutionOrderSort (0ms)
			DisableScriptedObjects (4ms)
			BackupInstance (0ms)
			ReleaseScriptingObjects (0ms)
			CreateAndSetChildDomain (36ms)
		EndReloadAssembly (862ms)
			LoadAssemblies (123ms)
			RebuildTransferFunctionScriptingTraits (0ms)
			SetupTypeCache (211ms)
			ReleaseScriptCaches (2ms)
			RebuildScriptCaches (43ms)
			SetupLoadedEditorAssemblies (460ms)
				LogAssemblyErrors (0ms)
				InitializePlatformSupportModulesInManaged (11ms)
				SetLoadedEditorAssemblies (0ms)
				RefreshPlugins (1ms)
				BeforeProcessingInitializeOnLoad (83ms)
				ProcessInitializeOnLoadAttributes (233ms)
				ProcessInitializeOnLoadMethodAttributes (123ms)
				AfterProcessingInitializeOnLoad (9ms)
				EditorAssembliesLoaded (0ms)
			ExecutionOrderSort2 (0ms)
			AwakeInstancesAfterBackupRestoration (13ms)
Platform modules already initialized, skipping
Refreshing native plugins compatible for Editor in 5.48 ms, found 4 plugins.
Preloading 0 native plugins for Editor in 0.00 ms.
Unloading 6484 Unused Serialized files (Serialized files now loaded: 0)
Unloading 69 unused Assets / (0.8 MB). Loaded Objects now: 7021.
Memory consumption went from 240.0 MB to 239.3 MB.
Total: 5.442600 ms (FindLiveObjects: 0.337200 ms CreateObjectMapping: 0.222500 ms MarkObjects: 4.641000 ms  DeleteObjects: 0.241100 ms)

AssetImportParameters requested are different than current active one (requested -> active):
  custom:video-decoder-ogg-theora: a1e56fd34408186e4bbccfd4996cb3dc -> 
  custom:container-muxer-webm: aa71ff27fc2769a1b78a27578f13a17b -> 
  custom:container-demuxer-webm: 4f35f7cbe854078d1ac9338744f61a02 -> 
  custom:video-encoder-webm-vp8: eb34c28f22e8b96e1ab97ce403110664 -> 
  custom:audio-encoder-webm-vorbis: bf7c407c2cedff20999df2af8eb42d56 -> 
  custom:framework-win-MediaFoundation: 216162199b28c13a410421893ffa2e32 -> 
  custom:container-demuxer-ogg: 62fdf1f143b41e24485cea50d1cbac27 -> 
  custom:video-decoder-webm-vp8: 9c59270c3fd7afecdb556c50c9e8de78 -> 
  custom:audio-decoder-ogg-vorbis: bf7c407c2cedff20999df2af8eb42d56 -> 
========================================================================
Received Import Request.
  Time since last request: 120.599152 seconds.
  path: Assets/Resources/Character/Asset_Character_Imae_MWalk1.png
  artifactKey: Guid(13910dc9c1284354d83da84ff7fe8a23) Importer(815301076,1909f56bfc062723c751e8b465ee728b)
Start importing Assets/Resources/Character/Asset_Character_Imae_MWalk1.png using Guid(13910dc9c1284354d83da84ff7fe8a23) Importer(815301076,1909f56bfc062723c751e8b465ee728b)  -> (artifact id: '96950fda9ca9855932d0732bc2411d0c') in 0.053125 seconds 
========================================================================
Received Import Request.
  Time since last request: 0.000032 seconds.
  path: Assets/Resources/Character/Asset_Character_Imae_MWalk3.png
  artifactKey: Guid(3e24fd2cabaf4c046b11e88678aa5f65) Importer(815301076,1909f56bfc062723c751e8b465ee728b)
Start importing Assets/Resources/Character/Asset_Character_Imae_MWalk3.png using Guid(3e24fd2cabaf4c046b11e88678aa5f65) Importer(815301076,1909f56bfc062723c751e8b465ee728b)  -> (artifact id: '0743be60d906616de2ef40ce7b728bd4') in 0.016456 seconds 
========================================================================
Received Prepare
Registering precompiled user dll's ...
Registered in 0.010315 seconds.
Begin MonoManager ReloadAssembly
Symbol file LoadedFromMemory doesn't match image C:\Users\AnHeejun\PjtSado\Library\PackageCache\com.unity.visualscripting@1.8.0\Editor\VisualScripting.Core\Dependencies\DotNetZip\Unity.VisualScripting.IonicZip.dll
Symbol file LoadedFromMemory doesn't match image C:\Users\AnHeejun\PjtSado\Library\PackageCache\com.unity.visualscripting@1.8.0\Editor\VisualScripting.Core\Dependencies\YamlDotNet\Unity.VisualScripting.YamlDotNet.dll
Native extension for WindowsStandalone target not found
Refreshing native plugins compatible for Editor in 1.01 ms, found 4 plugins.
Preloading 0 native plugins for Editor in 0.00 ms.
Mono: successfully reloaded assembly
- Completed reload, in  1.124 seconds
Domain Reload Profiling:
	ReloadAssembly (1125ms)
		BeginReloadAssembly (136ms)
			ExecutionOrderSort (0ms)
			DisableScriptedObjects (5ms)
			BackupInstance (0ms)
			ReleaseScriptingObjects (0ms)
			CreateAndSetChildDomain (43ms)
		EndReloadAssembly (888ms)
			LoadAssemblies (113ms)
			RebuildTransferFunctionScriptingTraits (0ms)
			SetupTypeCache (216ms)
			ReleaseScriptCaches (2ms)
			RebuildScriptCaches (42ms)
			SetupLoadedEditorAssemblies (472ms)
				LogAssemblyErrors (0ms)
				InitializePlatformSupportModulesInManaged (11ms)
				SetLoadedEditorAssemblies (0ms)
				RefreshPlugins (1ms)
				BeforeProcessingInitializeOnLoad (86ms)
				ProcessInitializeOnLoadAttributes (237ms)
				ProcessInitializeOnLoadMethodAttributes (128ms)
				AfterProcessingInitializeOnLoad (9ms)
				EditorAssembliesLoaded (0ms)
			ExecutionOrderSort2 (0ms)
			AwakeInstancesAfterBackupRestoration (14ms)
Platform modules already initialized, skipping
Refreshing native plugins compatible for Editor in 5.93 ms, found 4 plugins.
Preloading 0 native plugins for Editor in 0.00 ms.
Unloading 6484 Unused Serialized files (Serialized files now loaded: 0)
Unloading 69 unused Assets / (0.8 MB). Loaded Objects now: 7036.
Memory consumption went from 240.0 MB to 239.3 MB.
Total: 5.677600 ms (FindLiveObjects: 0.326600 ms CreateObjectMapping: 0.208200 ms MarkObjects: 4.885600 ms  DeleteObjects: 0.256400 ms)

AssetImportParameters requested are different than current active one (requested -> active):
  custom:video-decoder-ogg-theora: a1e56fd34408186e4bbccfd4996cb3dc -> 
  custom:container-muxer-webm: aa71ff27fc2769a1b78a27578f13a17b -> 
  custom:container-demuxer-webm: 4f35f7cbe854078d1ac9338744f61a02 -> 
  custom:video-encoder-webm-vp8: eb34c28f22e8b96e1ab97ce403110664 -> 
  custom:audio-encoder-webm-vorbis: bf7c407c2cedff20999df2af8eb42d56 -> 
  custom:framework-win-MediaFoundation: 216162199b28c13a410421893ffa2e32 -> 
  custom:container-demuxer-ogg: 62fdf1f143b41e24485cea50d1cbac27 -> 
  custom:video-decoder-webm-vp8: 9c59270c3fd7afecdb556c50c9e8de78 -> 
  custom:audio-decoder-ogg-vorbis: bf7c407c2cedff20999df2af8eb42d56 -> 
========================================================================
Received Import Request.
  Time since last request: 8.372868 seconds.
  path: Assets/Resources/Character/Asset_Character_Imae_MWalk1.png
  artifactKey: Guid(13910dc9c1284354d83da84ff7fe8a23) Importer(815301076,1909f56bfc062723c751e8b465ee728b)
Start importing Assets/Resources/Character/Asset_Character_Imae_MWalk1.png using Guid(13910dc9c1284354d83da84ff7fe8a23) Importer(815301076,1909f56bfc062723c751e8b465ee728b)  -> (artifact id: '753357c6fcbdbed476a2edd694be14c9') in 0.046923 seconds 
========================================================================
Received Prepare
Registering precompiled user dll's ...
Registered in 0.011115 seconds.
Begin MonoManager ReloadAssembly
Symbol file LoadedFromMemory doesn't match image C:\Users\AnHeejun\PjtSado\Library\PackageCache\com.unity.visualscripting@1.8.0\Editor\VisualScripting.Core\Dependencies\DotNetZip\Unity.VisualScripting.IonicZip.dll
Symbol file LoadedFromMemory doesn't match image C:\Users\AnHeejun\PjtSado\Library\PackageCache\com.unity.visualscripting@1.8.0\Editor\VisualScripting.Core\Dependencies\YamlDotNet\Unity.VisualScripting.YamlDotNet.dll
Native extension for WindowsStandalone target not found
Refreshing native plugins compatible for Editor in 1.01 ms, found 4 plugins.
Preloading 0 native plugins for Editor in 0.00 ms.
Mono: successfully reloaded assembly
- Completed reload, in  1.129 seconds
Domain Reload Profiling:
	ReloadAssembly (1130ms)
		BeginReloadAssembly (135ms)
			ExecutionOrderSort (0ms)
			DisableScriptedObjects (4ms)
			BackupInstance (0ms)
			ReleaseScriptingObjects (0ms)
			CreateAndSetChildDomain (41ms)
		EndReloadAssembly (909ms)
			LoadAssemblies (110ms)
			RebuildTransferFunctionScriptingTraits (0ms)
			SetupTypeCache (237ms)
			ReleaseScriptCaches (2ms)
			RebuildScriptCaches (46ms)
			SetupLoadedEditorAssemblies (470ms)
				LogAssemblyErrors (0ms)
				InitializePlatformSupportModulesInManaged (11ms)
				SetLoadedEditorAssemblies (0ms)
				RefreshPlugins (1ms)
				BeforeProcessingInitializeOnLoad (83ms)
				ProcessInitializeOnLoadAttributes (239ms)
				ProcessInitializeOnLoadMethodAttributes (125ms)
				AfterProcessingInitializeOnLoad (9ms)
				EditorAssembliesLoaded (0ms)
			ExecutionOrderSort2 (0ms)
			AwakeInstancesAfterBackupRestoration (14ms)
Platform modules already initialized, skipping
Refreshing native plugins compatible for Editor in 6.35 ms, found 4 plugins.
Preloading 0 native plugins for Editor in 0.00 ms.
Unloading 6484 Unused Serialized files (Serialized files now loaded: 0)
Unloading 69 unused Assets / (0.8 MB). Loaded Objects now: 7051.
Memory consumption went from 240.1 MB to 239.3 MB.
Total: 5.476100 ms (FindLiveObjects: 0.322300 ms CreateObjectMapping: 0.224700 ms MarkObjects: 4.615000 ms  DeleteObjects: 0.313100 ms)

AssetImportParameters requested are different than current active one (requested -> active):
  custom:video-decoder-ogg-theora: a1e56fd34408186e4bbccfd4996cb3dc -> 
  custom:container-muxer-webm: aa71ff27fc2769a1b78a27578f13a17b -> 
  custom:container-demuxer-webm: 4f35f7cbe854078d1ac9338744f61a02 -> 
  custom:video-encoder-webm-vp8: eb34c28f22e8b96e1ab97ce403110664 -> 
  custom:audio-encoder-webm-vorbis: bf7c407c2cedff20999df2af8eb42d56 -> 
  custom:framework-win-MediaFoundation: 216162199b28c13a410421893ffa2e32 -> 
  custom:container-demuxer-ogg: 62fdf1f143b41e24485cea50d1cbac27 -> 
  custom:video-decoder-webm-vp8: 9c59270c3fd7afecdb556c50c9e8de78 -> 
  custom:audio-decoder-ogg-vorbis: bf7c407c2cedff20999df2af8eb42d56 -> 
========================================================================
Received Import Request.
  Time since last request: 965.876105 seconds.
  path: Assets/Resources/Character/Asset_Character_Imae_MWalk3.png
  artifactKey: Guid(3e24fd2cabaf4c046b11e88678aa5f65) Importer(815301076,1909f56bfc062723c751e8b465ee728b)
Start importing Assets/Resources/Character/Asset_Character_Imae_MWalk3.png using Guid(3e24fd2cabaf4c046b11e88678aa5f65) Importer(815301076,1909f56bfc062723c751e8b465ee728b)  -> (artifact id: '7892a6537fea23193f9ca712925f3756') in 0.089882 seconds 
========================================================================
Received Import Request.
  Time since last request: 0.000032 seconds.
  path: Assets/Resources/Character/Asset_Character_Imae_MWalk4.png
  artifactKey: Guid(2b28c8ea59dce384c83be02323b612f2) Importer(815301076,1909f56bfc062723c751e8b465ee728b)
Start importing Assets/Resources/Character/Asset_Character_Imae_MWalk4.png using Guid(2b28c8ea59dce384c83be02323b612f2) Importer(815301076,1909f56bfc062723c751e8b465ee728b)  -> (artifact id: 'c0e4dd043fa83241091478cd8e8f8c15') in 0.011524 seconds 
========================================================================
Received Import Request.
  Time since last request: 17.603318 seconds.
  path: Assets/Resources/Character/Asset_Character_Imae_MWalk2.png
  artifactKey: Guid(e9fe1289f9d8a5f4a8762b7dc7924781) Importer(815301076,1909f56bfc062723c751e8b465ee728b)
Start importing Assets/Resources/Character/Asset_Character_Imae_MWalk2.png using Guid(e9fe1289f9d8a5f4a8762b7dc7924781) Importer(815301076,1909f56bfc062723c751e8b465ee728b)  -> (artifact id: '581554f9d33d256f12b907e3fc010903') in 0.016296 seconds 
========================================================================
Received Import Request.
  Time since last request: 0.000032 seconds.
  path: Assets/Resources/Character/Asset_Character_Imae_MWalk5.png
  artifactKey: Guid(2449cef7abc9e46459cdf6734c8fdb7a) Importer(815301076,1909f56bfc062723c751e8b465ee728b)
Start importing Assets/Resources/Character/Asset_Character_Imae_MWalk5.png using Guid(2449cef7abc9e46459cdf6734c8fdb7a) Importer(815301076,1909f56bfc062723c751e8b465ee728b)  -> (artifact id: 'c6076f7f1f02e4aa4d99b6b9b15fb094') in 0.027195 seconds 
========================================================================
Received Import Request.
  Time since last request: 0.000033 seconds.
  path: Assets/Resources/Character/Asset_Character_Imae_MWalk6.png
  artifactKey: Guid(521e673605aa3ea48ab66b38e35232f7) Importer(815301076,1909f56bfc062723c751e8b465ee728b)
Start importing Assets/Resources/Character/Asset_Character_Imae_MWalk6.png using Guid(521e673605aa3ea48ab66b38e35232f7) Importer(815301076,1909f56bfc062723c751e8b465ee728b)  -> (artifact id: 'db596b6c21c2da357217adba862eadf7') in 0.014009 seconds 
========================================================================
Received Import Request.
  Time since last request: 4.140282 seconds.
  path: Assets/Resources/Character/Asset_Character_Imae_MWalk3.png
  artifactKey: Guid(3e24fd2cabaf4c046b11e88678aa5f65) Importer(815301076,1909f56bfc062723c751e8b465ee728b)
Start importing Assets/Resources/Character/Asset_Character_Imae_MWalk3.png using Guid(3e24fd2cabaf4c046b11e88678aa5f65) Importer(815301076,1909f56bfc062723c751e8b465ee728b)  -> (artifact id: '8d8fdecd6554e01cddcad8baeb4983ca') in 0.036672 seconds 
========================================================================
Received Import Request.
  Time since last request: 0.000020 seconds.
  path: Assets/Resources/Character/Asset_Character_Imae_MWalk5.png
  artifactKey: Guid(2449cef7abc9e46459cdf6734c8fdb7a) Importer(815301076,1909f56bfc062723c751e8b465ee728b)
Start importing Assets/Resources/Character/Asset_Character_Imae_MWalk5.png using Guid(2449cef7abc9e46459cdf6734c8fdb7a) Importer(815301076,1909f56bfc062723c751e8b465ee728b)  -> (artifact id: '9dbb8138d9441fb987bc44fd2dab3235') in 0.012445 seconds 
========================================================================
Received Prepare
Registering precompiled user dll's ...
Registered in 0.010280 seconds.
Begin MonoManager ReloadAssembly
Symbol file LoadedFromMemory doesn't match image C:\Users\AnHeejun\PjtSado\Library\PackageCache\com.unity.visualscripting@1.8.0\Editor\VisualScripting.Core\Dependencies\DotNetZip\Unity.VisualScripting.IonicZip.dll
Symbol file LoadedFromMemory doesn't match image C:\Users\AnHeejun\PjtSado\Library\PackageCache\com.unity.visualscripting@1.8.0\Editor\VisualScripting.Core\Dependencies\YamlDotNet\Unity.VisualScripting.YamlDotNet.dll
Native extension for WindowsStandalone target not found
Refreshing native plugins compatible for Editor in 1.06 ms, found 4 plugins.
Preloading 0 native plugins for Editor in 0.00 ms.
Mono: successfully reloaded assembly
- Completed reload, in  1.098 seconds
Domain Reload Profiling:
	ReloadAssembly (1098ms)
		BeginReloadAssembly (130ms)
			ExecutionOrderSort (0ms)
			DisableScriptedObjects (4ms)
			BackupInstance (0ms)
			ReleaseScriptingObjects (0ms)
			CreateAndSetChildDomain (42ms)
		EndReloadAssembly (881ms)
			LoadAssemblies (131ms)
			RebuildTransferFunctionScriptingTraits (0ms)
			SetupTypeCache (209ms)
			ReleaseScriptCaches (2ms)
			RebuildScriptCaches (41ms)
			SetupLoadedEditorAssemblies (457ms)
				LogAssemblyErrors (0ms)
				InitializePlatformSupportModulesInManaged (10ms)
				SetLoadedEditorAssemblies (0ms)
				RefreshPlugins (1ms)
				BeforeProcessingInitializeOnLoad (84ms)
				ProcessInitializeOnLoadAttributes (229ms)
				ProcessInitializeOnLoadMethodAttributes (123ms)
				AfterProcessingInitializeOnLoad (9ms)
				EditorAssembliesLoaded (0ms)
			ExecutionOrderSort2 (0ms)
			AwakeInstancesAfterBackupRestoration (15ms)
Platform modules already initialized, skipping
Refreshing native plugins compatible for Editor in 6.51 ms, found 4 plugins.
Preloading 0 native plugins for Editor in 0.00 ms.
Unloading 6484 Unused Serialized files (Serialized files now loaded: 0)
Unloading 69 unused Assets / (0.8 MB). Loaded Objects now: 7066.
Memory consumption went from 240.1 MB to 239.3 MB.
Total: 5.648400 ms (FindLiveObjects: 0.333600 ms CreateObjectMapping: 0.197200 ms MarkObjects: 4.799300 ms  DeleteObjects: 0.317500 ms)

AssetImportParameters requested are different than current active one (requested -> active):
  custom:video-decoder-ogg-theora: a1e56fd34408186e4bbccfd4996cb3dc -> 
  custom:container-muxer-webm: aa71ff27fc2769a1b78a27578f13a17b -> 
  custom:container-demuxer-webm: 4f35f7cbe854078d1ac9338744f61a02 -> 
  custom:video-encoder-webm-vp8: eb34c28f22e8b96e1ab97ce403110664 -> 
  custom:audio-encoder-webm-vorbis: bf7c407c2cedff20999df2af8eb42d56 -> 
  custom:framework-win-MediaFoundation: 216162199b28c13a410421893ffa2e32 -> 
  custom:container-demuxer-ogg: 62fdf1f143b41e24485cea50d1cbac27 -> 
  custom:video-decoder-webm-vp8: 9c59270c3fd7afecdb556c50c9e8de78 -> 
  custom:audio-decoder-ogg-vorbis: bf7c407c2cedff20999df2af8eb42d56 -> 
========================================================================
Received Prepare
Registering precompiled user dll's ...
Registered in 0.011170 seconds.
Begin MonoManager ReloadAssembly
Symbol file LoadedFromMemory doesn't match image C:\Users\AnHeejun\PjtSado\Library\PackageCache\com.unity.visualscripting@1.8.0\Editor\VisualScripting.Core\Dependencies\DotNetZip\Unity.VisualScripting.IonicZip.dll
Symbol file LoadedFromMemory doesn't match image C:\Users\AnHeejun\PjtSado\Library\PackageCache\com.unity.visualscripting@1.8.0\Editor\VisualScripting.Core\Dependencies\YamlDotNet\Unity.VisualScripting.YamlDotNet.dll
Native extension for WindowsStandalone target not found
Refreshing native plugins compatible for Editor in 1.03 ms, found 4 plugins.
Preloading 0 native plugins for Editor in 0.00 ms.
Mono: successfully reloaded assembly
- Completed reload, in  1.055 seconds
Domain Reload Profiling:
	ReloadAssembly (1056ms)
		BeginReloadAssembly (123ms)
			ExecutionOrderSort (0ms)
			DisableScriptedObjects (5ms)
			BackupInstance (0ms)
			ReleaseScriptingObjects (0ms)
			CreateAndSetChildDomain (35ms)
		EndReloadAssembly (853ms)
			LoadAssemblies (100ms)
			RebuildTransferFunctionScriptingTraits (0ms)
			SetupTypeCache (206ms)
			ReleaseScriptCaches (2ms)
			RebuildScriptCaches (42ms)
			SetupLoadedEditorAssemblies (460ms)
				LogAssemblyErrors (0ms)
				InitializePlatformSupportModulesInManaged (11ms)
				SetLoadedEditorAssemblies (0ms)
				RefreshPlugins (1ms)
				BeforeProcessingInitializeOnLoad (82ms)
				ProcessInitializeOnLoadAttributes (232ms)
				ProcessInitializeOnLoadMethodAttributes (123ms)
				AfterProcessingInitializeOnLoad (9ms)
				EditorAssembliesLoaded (0ms)
			ExecutionOrderSort2 (0ms)
			AwakeInstancesAfterBackupRestoration (13ms)
Platform modules already initialized, skipping
Refreshing native plugins compatible for Editor in 7.62 ms, found 4 plugins.
Preloading 0 native plugins for Editor in 0.00 ms.
Unloading 6484 Unused Serialized files (Serialized files now loaded: 0)
Unloading 69 unused Assets / (0.8 MB). Loaded Objects now: 7081.
Memory consumption went from 240.1 MB to 239.3 MB.
Total: 5.906400 ms (FindLiveObjects: 0.390100 ms CreateObjectMapping: 0.272500 ms MarkObjects: 4.933900 ms  DeleteObjects: 0.308500 ms)

AssetImportParameters requested are different than current active one (requested -> active):
  custom:video-decoder-ogg-theora: a1e56fd34408186e4bbccfd4996cb3dc -> 
  custom:container-muxer-webm: aa71ff27fc2769a1b78a27578f13a17b -> 
  custom:container-demuxer-webm: 4f35f7cbe854078d1ac9338744f61a02 -> 
  custom:video-encoder-webm-vp8: eb34c28f22e8b96e1ab97ce403110664 -> 
  custom:audio-encoder-webm-vorbis: bf7c407c2cedff20999df2af8eb42d56 -> 
  custom:framework-win-MediaFoundation: 216162199b28c13a410421893ffa2e32 -> 
  custom:container-demuxer-ogg: 62fdf1f143b41e24485cea50d1cbac27 -> 
  custom:video-decoder-webm-vp8: 9c59270c3fd7afecdb556c50c9e8de78 -> 
  custom:audio-decoder-ogg-vorbis: bf7c407c2cedff20999df2af8eb42d56 -> 
========================================================================
Received Prepare
Registering precompiled user dll's ...
Registered in 0.011235 seconds.
Begin MonoManager ReloadAssembly
Symbol file LoadedFromMemory doesn't match image C:\Users\AnHeejun\PjtSado\Library\PackageCache\com.unity.visualscripting@1.8.0\Editor\VisualScripting.Core\Dependencies\DotNetZip\Unity.VisualScripting.IonicZip.dll
Symbol file LoadedFromMemory doesn't match image C:\Users\AnHeejun\PjtSado\Library\PackageCache\com.unity.visualscripting@1.8.0\Editor\VisualScripting.Core\Dependencies\YamlDotNet\Unity.VisualScripting.YamlDotNet.dll
Native extension for WindowsStandalone target not found
Refreshing native plugins compatible for Editor in 1.17 ms, found 4 plugins.
Preloading 0 native plugins for Editor in 0.00 ms.
Mono: successfully reloaded assembly
- Completed reload, in  1.070 seconds
Domain Reload Profiling:
	ReloadAssembly (1071ms)
		BeginReloadAssembly (137ms)
			ExecutionOrderSort (0ms)
			DisableScriptedObjects (4ms)
			BackupInstance (0ms)
			ReleaseScriptingObjects (0ms)
			CreateAndSetChildDomain (35ms)
		EndReloadAssembly (850ms)
			LoadAssemblies (116ms)
			RebuildTransferFunctionScriptingTraits (0ms)
			SetupTypeCache (206ms)
			ReleaseScriptCaches (2ms)
			RebuildScriptCaches (41ms)
			SetupLoadedEditorAssemblies (454ms)
				LogAssemblyErrors (0ms)
				InitializePlatformSupportModulesInManaged (11ms)
				SetLoadedEditorAssemblies (0ms)
				RefreshPlugins (1ms)
				BeforeProcessingInitializeOnLoad (83ms)
				ProcessInitializeOnLoadAttributes (228ms)
				ProcessInitializeOnLoadMethodAttributes (121ms)
				AfterProcessingInitializeOnLoad (10ms)
				EditorAssembliesLoaded (0ms)
			ExecutionOrderSort2 (0ms)
			AwakeInstancesAfterBackupRestoration (13ms)
Platform modules already initialized, skipping
Refreshing native plugins compatible for Editor in 6.36 ms, found 4 plugins.
Preloading 0 native plugins for Editor in 0.00 ms.
Unloading 6484 Unused Serialized files (Serialized files now loaded: 0)
Unloading 69 unused Assets / (0.8 MB). Loaded Objects now: 7096.
Memory consumption went from 240.1 MB to 239.4 MB.
Total: 5.711000 ms (FindLiveObjects: 0.315000 ms CreateObjectMapping: 0.195300 ms MarkObjects: 4.957000 ms  DeleteObjects: 0.242900 ms)

AssetImportParameters requested are different than current active one (requested -> active):
  custom:video-decoder-ogg-theora: a1e56fd34408186e4bbccfd4996cb3dc -> 
  custom:container-muxer-webm: aa71ff27fc2769a1b78a27578f13a17b -> 
  custom:container-demuxer-webm: 4f35f7cbe854078d1ac9338744f61a02 -> 
  custom:video-encoder-webm-vp8: eb34c28f22e8b96e1ab97ce403110664 -> 
  custom:audio-encoder-webm-vorbis: bf7c407c2cedff20999df2af8eb42d56 -> 
  custom:framework-win-MediaFoundation: 216162199b28c13a410421893ffa2e32 -> 
  custom:container-demuxer-ogg: 62fdf1f143b41e24485cea50d1cbac27 -> 
  custom:video-decoder-webm-vp8: 9c59270c3fd7afecdb556c50c9e8de78 -> 
  custom:audio-decoder-ogg-vorbis: bf7c407c2cedff20999df2af8eb42d56 -> 
========================================================================
Received Import Request.
  Time since last request: 730.597482 seconds.
  path: Assets/Resources/Character/Asset_Character_Imae_MWalk5 1.png
  artifactKey: Guid(46a580d3090578e42928558e1008c1cc) Importer(815301076,1909f56bfc062723c751e8b465ee728b)
Start importing Assets/Resources/Character/Asset_Character_Imae_MWalk5 1.png using Guid(46a580d3090578e42928558e1008c1cc) Importer(815301076,1909f56bfc062723c751e8b465ee728b)  -> (artifact id: 'd3d3c4c0878daf1906e81ebf8a0143c2') in 0.052391 seconds 
========================================================================
Received Prepare
Registering precompiled user dll's ...
Registered in 0.011121 seconds.
Begin MonoManager ReloadAssembly
Symbol file LoadedFromMemory doesn't match image C:\Users\AnHeejun\PjtSado\Library\PackageCache\com.unity.visualscripting@1.8.0\Editor\VisualScripting.Core\Dependencies\DotNetZip\Unity.VisualScripting.IonicZip.dll
Symbol file LoadedFromMemory doesn't match image C:\Users\AnHeejun\PjtSado\Library\PackageCache\com.unity.visualscripting@1.8.0\Editor\VisualScripting.Core\Dependencies\YamlDotNet\Unity.VisualScripting.YamlDotNet.dll
Native extension for WindowsStandalone target not found
Refreshing native plugins compatible for Editor in 1.02 ms, found 4 plugins.
Preloading 0 native plugins for Editor in 0.00 ms.
Mono: successfully reloaded assembly
- Completed reload, in  1.077 seconds
Domain Reload Profiling:
	ReloadAssembly (1078ms)
		BeginReloadAssembly (129ms)
			ExecutionOrderSort (0ms)
			DisableScriptedObjects (4ms)
			BackupInstance (0ms)
			ReleaseScriptingObjects (0ms)
			CreateAndSetChildDomain (39ms)
		EndReloadAssembly (863ms)
			LoadAssemblies (111ms)
			RebuildTransferFunctionScriptingTraits (0ms)
			SetupTypeCache (207ms)
			ReleaseScriptCaches (2ms)
			RebuildScriptCaches (41ms)
			SetupLoadedEditorAssemblies (461ms)
				LogAssemblyErrors (0ms)
				InitializePlatformSupportModulesInManaged (10ms)
				SetLoadedEditorAssemblies (0ms)
				RefreshPlugins (1ms)
				BeforeProcessingInitializeOnLoad (85ms)
				ProcessInitializeOnLoadAttributes (229ms)
				ProcessInitializeOnLoadMethodAttributes (126ms)
				AfterProcessingInitializeOnLoad (9ms)
				EditorAssembliesLoaded (0ms)
			ExecutionOrderSort2 (0ms)
			AwakeInstancesAfterBackupRestoration (14ms)
Platform modules already initialized, skipping
Refreshing native plugins compatible for Editor in 8.54 ms, found 4 plugins.
Preloading 0 native plugins for Editor in 0.00 ms.
Unloading 6484 Unused Serialized files (Serialized files now loaded: 0)
Unloading 69 unused Assets / (0.8 MB). Loaded Objects now: 7111.
Memory consumption went from 240.2 MB to 239.4 MB.
Total: 6.165100 ms (FindLiveObjects: 0.342800 ms CreateObjectMapping: 0.262600 ms MarkObjects: 5.260200 ms  DeleteObjects: 0.298500 ms)

AssetImportParameters requested are different than current active one (requested -> active):
  custom:video-decoder-ogg-theora: a1e56fd34408186e4bbccfd4996cb3dc -> 
  custom:container-muxer-webm: aa71ff27fc2769a1b78a27578f13a17b -> 
  custom:container-demuxer-webm: 4f35f7cbe854078d1ac9338744f61a02 -> 
  custom:video-encoder-webm-vp8: eb34c28f22e8b96e1ab97ce403110664 -> 
  custom:audio-encoder-webm-vorbis: bf7c407c2cedff20999df2af8eb42d56 -> 
  custom:framework-win-MediaFoundation: 216162199b28c13a410421893ffa2e32 -> 
  custom:container-demuxer-ogg: 62fdf1f143b41e24485cea50d1cbac27 -> 
  custom:video-decoder-webm-vp8: 9c59270c3fd7afecdb556c50c9e8de78 -> 
  custom:audio-decoder-ogg-vorbis: bf7c407c2cedff20999df2af8eb42d56 -> 
========================================================================
Received Import Request.
  Time since last request: 77.593610 seconds.
  path: Assets/Resources/Character/Asset_Character_Imae_MWalk5 1.png
  artifactKey: Guid(46a580d3090578e42928558e1008c1cc) Importer(815301076,1909f56bfc062723c751e8b465ee728b)
Start importing Assets/Resources/Character/Asset_Character_Imae_MWalk5 1.png using Guid(46a580d3090578e42928558e1008c1cc) Importer(815301076,1909f56bfc062723c751e8b465ee728b)  -> (artifact id: 'adf2b2dfe3126ce9ad99690baf00b781') in 0.057393 seconds 
========================================================================
Received Prepare
Registering precompiled user dll's ...
Registered in 0.010412 seconds.
Begin MonoManager ReloadAssembly
Symbol file LoadedFromMemory doesn't match image C:\Users\AnHeejun\PjtSado\Library\PackageCache\com.unity.visualscripting@1.8.0\Editor\VisualScripting.Core\Dependencies\DotNetZip\Unity.VisualScripting.IonicZip.dll
Symbol file LoadedFromMemory doesn't match image C:\Users\AnHeejun\PjtSado\Library\PackageCache\com.unity.visualscripting@1.8.0\Editor\VisualScripting.Core\Dependencies\YamlDotNet\Unity.VisualScripting.YamlDotNet.dll
Native extension for WindowsStandalone target not found
Refreshing native plugins compatible for Editor in 1.05 ms, found 4 plugins.
Preloading 0 native plugins for Editor in 0.00 ms.
Mono: successfully reloaded assembly
- Completed reload, in  1.103 seconds
Domain Reload Profiling:
	ReloadAssembly (1104ms)
		BeginReloadAssembly (134ms)
			ExecutionOrderSort (0ms)
			DisableScriptedObjects (4ms)
			BackupInstance (0ms)
			ReleaseScriptingObjects (0ms)
			CreateAndSetChildDomain (39ms)
		EndReloadAssembly (883ms)
			LoadAssemblies (113ms)
			RebuildTransferFunctionScriptingTraits (0ms)
			SetupTypeCache (215ms)
			ReleaseScriptCaches (2ms)
			RebuildScriptCaches (42ms)
			SetupLoadedEditorAssemblies (471ms)
				LogAssemblyErrors (0ms)
				InitializePlatformSupportModulesInManaged (11ms)
				SetLoadedEditorAssemblies (1ms)
				RefreshPlugins (1ms)
				BeforeProcessingInitializeOnLoad (84ms)
				ProcessInitializeOnLoadAttributes (239ms)
				ProcessInitializeOnLoadMethodAttributes (126ms)
				AfterProcessingInitializeOnLoad (9ms)
				EditorAssembliesLoaded (0ms)
			ExecutionOrderSort2 (0ms)
			AwakeInstancesAfterBackupRestoration (14ms)
Platform modules already initialized, skipping
Refreshing native plugins compatible for Editor in 6.99 ms, found 4 plugins.
Preloading 0 native plugins for Editor in 0.00 ms.
Unloading 6484 Unused Serialized files (Serialized files now loaded: 0)
Unloading 69 unused Assets / (0.8 MB). Loaded Objects now: 7126.
Memory consumption went from 240.2 MB to 239.4 MB.
Total: 5.840400 ms (FindLiveObjects: 0.384500 ms CreateObjectMapping: 0.234700 ms MarkObjects: 4.924000 ms  DeleteObjects: 0.296500 ms)

AssetImportParameters requested are different than current active one (requested -> active):
  custom:video-decoder-ogg-theora: a1e56fd34408186e4bbccfd4996cb3dc -> 
  custom:container-muxer-webm: aa71ff27fc2769a1b78a27578f13a17b -> 
  custom:container-demuxer-webm: 4f35f7cbe854078d1ac9338744f61a02 -> 
  custom:video-encoder-webm-vp8: eb34c28f22e8b96e1ab97ce403110664 -> 
  custom:audio-encoder-webm-vorbis: bf7c407c2cedff20999df2af8eb42d56 -> 
  custom:framework-win-MediaFoundation: 216162199b28c13a410421893ffa2e32 -> 
  custom:container-demuxer-ogg: 62fdf1f143b41e24485cea50d1cbac27 -> 
  custom:video-decoder-webm-vp8: 9c59270c3fd7afecdb556c50c9e8de78 -> 
  custom:audio-decoder-ogg-vorbis: bf7c407c2cedff20999df2af8eb42d56 -> 
========================================================================
Received Import Request.
  Time since last request: 6.548668 seconds.
  path: Assets/Resources/Character/Asset_Character_Imae_MWalk2 1.png
  artifactKey: Guid(4c5b07d73a6fb444f9c9c27fb977aca9) Importer(815301076,1909f56bfc062723c751e8b465ee728b)
Start importing Assets/Resources/Character/Asset_Character_Imae_MWalk2 1.png using Guid(4c5b07d73a6fb444f9c9c27fb977aca9) Importer(815301076,1909f56bfc062723c751e8b465ee728b)  -> (artifact id: 'd64bdc8c15fe744702fa3e0eae493c3a') in 0.049307 seconds 
========================================================================
Received Import Request.
  Time since last request: 507.517141 seconds.
  path: Assets/Resources/Character/Asset_Character_Imae_MWalk2.png
  artifactKey: Guid(e9fe1289f9d8a5f4a8762b7dc7924781) Importer(815301076,1909f56bfc062723c751e8b465ee728b)
Start importing Assets/Resources/Character/Asset_Character_Imae_MWalk2.png using Guid(e9fe1289f9d8a5f4a8762b7dc7924781) Importer(815301076,1909f56bfc062723c751e8b465ee728b)  -> (artifact id: '5adc0549c5f23847f977b5288a14f0c0') in 0.028436 seconds 
========================================================================
Received Import Request.
  Time since last request: 0.000031 seconds.
  path: Assets/Resources/Character/Asset_Character_Imae_MWalk5.png
  artifactKey: Guid(2449cef7abc9e46459cdf6734c8fdb7a) Importer(815301076,1909f56bfc062723c751e8b465ee728b)
Start importing Assets/Resources/Character/Asset_Character_Imae_MWalk5.png using Guid(2449cef7abc9e46459cdf6734c8fdb7a) Importer(815301076,1909f56bfc062723c751e8b465ee728b)  -> (artifact id: '4e64a37cb708f2e1b6bcfda5c02424fc') in 0.012167 seconds 
========================================================================
Received Import Request.
  Time since last request: 0.000025 seconds.
  path: Assets/Resources/Character/Asset_Character_Imae_MWalk3.png
  artifactKey: Guid(3e24fd2cabaf4c046b11e88678aa5f65) Importer(815301076,1909f56bfc062723c751e8b465ee728b)
Start importing Assets/Resources/Character/Asset_Character_Imae_MWalk3.png using Guid(3e24fd2cabaf4c046b11e88678aa5f65) Importer(815301076,1909f56bfc062723c751e8b465ee728b)  -> (artifact id: 'd847a903131a2613a1c4a901447f069c') in 0.013131 seconds 
========================================================================
Received Import Request.
  Time since last request: 14.330366 seconds.
  path: Assets/Resources/Character/Asset_Character_Imae_MWalk2.png
  artifactKey: Guid(e9fe1289f9d8a5f4a8762b7dc7924781) Importer(815301076,1909f56bfc062723c751e8b465ee728b)
Start importing Assets/Resources/Character/Asset_Character_Imae_MWalk2.png using Guid(e9fe1289f9d8a5f4a8762b7dc7924781) Importer(815301076,1909f56bfc062723c751e8b465ee728b)  -> (artifact id: '37a67c27cb8d0aef64e3ce3b825909e0') in 0.032109 seconds 
========================================================================
Received Import Request.
  Time since last request: 0.000023 seconds.
  path: Assets/Resources/Character/Asset_Character_Imae_MWalk5.png
  artifactKey: Guid(2449cef7abc9e46459cdf6734c8fdb7a) Importer(815301076,1909f56bfc062723c751e8b465ee728b)
Start importing Assets/Resources/Character/Asset_Character_Imae_MWalk5.png using Guid(2449cef7abc9e46459cdf6734c8fdb7a) Importer(815301076,1909f56bfc062723c751e8b465ee728b)  -> (artifact id: '58fed013f99d59e4ddb379fb037a787c') in 0.012671 seconds 
Editor requested this worker to shutdown with reason: Scaling down because of idle timeout
AssetImportWorker is now disconnected from the server
Process exiting
Exiting without the bug reporter. Application will terminate with return code 0